loaded 2315 answers, 14855 allowed guesses
building pattern matrix (14855 x 2315)...
cached pattern matrix -> /home/earl/Documents/prog/wsolv/tools/out/pattern_matrix.npy
fixing opener to 'salet' (index 11095)
  [restrict] node |S|=221 -> 340 candidates (top_k=120)
  [restrict] node |S|=114 -> 234 candidates (top_k=120)
  [restrict] node |S|=30 -> 150 candidates (top_k=120)
  [restrict] node |S|=92 -> 212 candidates (top_k=120)
  [restrict] node |S|=47 -> 167 candidates (top_k=120)
  [restrict] node |S|=20 -> 140 candidates (top_k=120)
  [restrict] node |S|=60 -> 180 candidates (top_k=120)
  [restrict] node |S|=79 -> 199 candidates (top_k=120)
  [restrict] node |S|=75 -> 195 candidates (top_k=120)
  [restrict] node |S|=60 -> 180 candidates (top_k=120)
  [restrict] node |S|=41 -> 161 candidates (top_k=120)
  [restrict] node |S|=55 -> 175 candidates (top_k=120)
  [restrict] node |S|=60 -> 180 candidates (top_k=120)
  [restrict] node |S|=86 -> 206 candidates (top_k=120)
  [restrict] node |S|=112 -> 232 candidates (top_k=120)
  [restrict] node |S|=65 -> 185 candidates (top_k=120)
  [restrict] node |S|=101 -> 221 candidates (top_k=120)
  [restrict] node |S|=55 -> 175 candidates (top_k=120)
  [restrict] node |S|=46 -> 166 candidates (top_k=120)
  [restrict] node |S|=20 -> 140 candidates (top_k=120)
  [restrict] node |S|=20 -> 140 candidates (top_k=120)
  [restrict] node |S|=70 -> 190 candidates (top_k=120)
  [restrict] node |S|=39 -> 159 candidates (top_k=120)
  [restrict] node |S|=39 -> 159 candidates (top_k=120)
  [restrict] node |S|=50 -> 170 candidates (top_k=120)
  [restrict] node |S|=40 -> 160 candidates (top_k=120)
  [restrict] node |S|=35 -> 155 candidates (top_k=120)
  [restrict] node |S|=45 -> 165 candidates (top_k=120)
  [restrict] node |S|=57 -> 177 candidates (top_k=120)
  [restrict] node |S|=20 -> 140 candidates (top_k=120)
  [restrict] node |S|=26 -> 146 candidates (top_k=120)
  [restrict] node |S|=54 -> 174 candidates (top_k=120)
  [restrict] node |S|=26 -> 146 candidates (top_k=120)
  [restrict] node |S|=21 -> 141 candidates (top_k=120)
  [restrict] node |S|=16 -> 136 candidates (top_k=120)
  [restrict] node |S|=30 -> 150 candidates (top_k=120)
  [restrict] node |S|=19 -> 139 candidates (top_k=120)
  [restrict] node |S|=59 -> 179 candidates (top_k=120)
  [restrict] node |S|=51 -> 171 candidates (top_k=120)
  [restrict] node |S|=46 -> 166 candidates (top_k=120)
  [restrict] node |S|=41 -> 161 candidates (top_k=120)
  [restrict] node |S|=63 -> 183 candidates (top_k=120)
  [restrict] node |S|=31 -> 151 candidates (top_k=120)
  [restrict] node |S|=95 -> 215 candidates (top_k=120)
  [restrict] node |S|=48 -> 168 candidates (top_k=120)
  [restrict] node |S|=39 -> 159 candidates (top_k=120)
  [restrict] node |S|=31 -> 151 candidates (top_k=120)
  [restrict] node |S|=23 -> 143 candidates (top_k=120)
  [restrict] node |S|=62 -> 182 candidates (top_k=120)
  [restrict] node |S|=62 -> 182 candidates (top_k=120)
  [restrict] node |S|=39 -> 159 candidates (top_k=120)
  [restrict] node |S|=47 -> 167 candidates (top_k=120)
  [restrict] node |S|=83 -> 203 candidates (top_k=120)
  [restrict] node |S|=20 -> 140 candidates (top_k=120)
  [restrict] node |S|=46 -> 166 candidates (top_k=120)
  [restrict] node |S|=54 -> 174 candidates (top_k=120)
  [restrict] node |S|=71 -> 191 candidates (top_k=120)
  [restrict] node |S|=18 -> 138 candidates (top_k=120)
  [restrict] node |S|=23 -> 143 candidates (top_k=120)
  [restrict] node |S|=25 -> 145 candidates (top_k=120)
  [restrict] node |S|=22 -> 142 candidates (top_k=120)
  [restrict] node |S|=24 -> 144 candidates (top_k=120)
  [restrict] node |S|=18 -> 138 candidates (top_k=120)
  [restrict] node |S|=16 -> 136 candidates (top_k=120)
  [restrict] node |S|=16 -> 136 candidates (top_k=120)
  [restrict] node |S|=23 -> 143 candidates (top_k=120)
  [restrict] node |S|=29 -> 149 candidates (top_k=120)
  [restrict] node |S|=34 -> 154 candidates (top_k=120)
  [restrict] node |S|=18 -> 138 candidates (top_k=120)
  [restrict] node |S|=22 -> 142 candidates (top_k=120)
  [restrict] node |S|=20 -> 140 candidates (top_k=120)
  [restrict] node |S|=30 -> 150 candidates (top_k=120)
  [restrict] node |S|=80 -> 200 candidates (top_k=120)
  [restrict] node |S|=38 -> 158 candidates (top_k=120)
  [restrict] node |S|=63 -> 183 candidates (top_k=120)
